<?xml version="1.0" encoding="UTF-8"?>
<!-- Generated by org.testng.reporters.JUnitReportReporter -->
<testsuite skipped="0" hostname="Hungs-MacBook-Pro.local" name="Resources.RunTest.RunTest" tests="1" failures="0" timestamp="2022-06-26T19:37:54 ICT" time="7.095" errors="0">
  <testcase name="runScenario" time="7.095" classname="Resources.RunTest.RunTest"/>
  <system-out/>
</testsuite> <!-- Resources.RunTest.RunTest -->
